0 info it worked if it ends with ok
1 verbose cli [ '/usr/local/bin/node',
1 verbose cli   '/usr/local/bin/npm',
1 verbose cli   'install',
1 verbose cli   '--global',
1 verbose cli   'gulp' ]
2 info using npm@2.10.1
3 info using node@v0.12.4
4 verbose install initial load of /usr/local/lib/package.json
5 verbose readDependencies loading dependencies from /usr/local/lib/package.json
6 silly cache add args [ 'gulp', null ]
7 verbose cache add spec gulp
8 silly cache add parsed spec { raw: 'gulp',
8 silly cache add   scope: null,
8 silly cache add   name: 'gulp',
8 silly cache add   rawSpec: '',
8 silly cache add   spec: '*',
8 silly cache add   type: 'range' }
9 silly addNamed gulp@*
10 verbose addNamed "*" is a valid semver range for gulp
11 silly addNameRange { name: 'gulp', range: '*', hasData: false }
12 silly mapToRegistry name gulp
13 silly mapToRegistry using default registry
14 silly mapToRegistry registry https://registry.npmjs.org/
15 silly mapToRegistry uri https://registry.npmjs.org/gulp
16 verbose addNameRange registry:https://registry.npmjs.org/gulp not in flight; fetching
17 verbose request uri https://registry.npmjs.org/gulp
18 verbose request no auth needed
19 info attempt registry request try #1 at 04:10:18
20 verbose request id 2099569f26b8c67e
21 verbose etag "EUSJYSDE9AKRV8GOGUZJ3MYPU"
22 http request GET https://registry.npmjs.org/gulp
23 http 200 https://registry.npmjs.org/gulp
24 silly get cb [ 200,
24 silly get   { server: 'CouchDB/1.5.0 (Erlang OTP/R16B03)',
24 silly get     etag: '"6317YW3CAJMBYSGOSCVJ6TKRY"',
24 silly get     'content-type': 'application/json',
24 silly get     'cache-control': 'max-age=60',
24 silly get     'content-length': '104534',
24 silly get     'accept-ranges': 'bytes',
24 silly get     date: 'Fri, 03 Jul 2015 22:40:21 GMT',
24 silly get     via: '1.1 varnish',
24 silly get     age: '0',
24 silly get     connection: 'keep-alive',
24 silly get     'x-served-by': 'cache-sin6921-SIN',
24 silly get     'x-cache': 'HIT',
24 silly get     'x-cache-hits': '1',
24 silly get     'x-timer': 'S1435963220.530995,VS0,VE1025',
24 silly get     vary: 'Accept' } ]
25 verbose get saving gulp to /home/c0r3/.npm/registry.npmjs.org/gulp/.cache.json
26 silly addNameRange number 2 { name: 'gulp', range: '*', hasData: true }
27 silly addNameRange versions [ 'gulp',
27 silly addNameRange   [ '0.0.1',
27 silly addNameRange     '0.0.2',
27 silly addNameRange     '0.0.3',
27 silly addNameRange     '0.0.4',
27 silly addNameRange     '0.0.5',
27 silly addNameRange     '0.0.7',
27 silly addNameRange     '0.0.8',
27 silly addNameRange     '0.0.9',
27 silly addNameRange     '0.1.0',
27 silly addNameRange     '0.2.0',
27 silly addNameRange     '1.0.0',
27 silly addNameRange     '1.1.0',
27 silly addNameRange     '1.2.0',
27 silly addNameRange     '1.2.1',
27 silly addNameRange     '2.0.0',
27 silly addNameRange     '2.0.1',
27 silly addNameRange     '2.1.0',
27 silly addNameRange     '2.2.0',
27 silly addNameRange     '2.3.0',
27 silly addNameRange     '2.4.0',
27 silly addNameRange     '2.4.1',
27 silly addNameRange     '2.6.0',
27 silly addNameRange     '2.6.1',
27 silly addNameRange     '2.7.0',
27 silly addNameRange     '3.0.0',
27 silly addNameRange     '3.1.1',
27 silly addNameRange     '3.1.2',
27 silly addNameRange     '3.1.3',
27 silly addNameRange     '3.1.4',
27 silly addNameRange     '3.2.0',
27 silly addNameRange     '3.2.1',
27 silly addNameRange     '3.2.2',
27 silly addNameRange     '3.2.3',
27 silly addNameRange     '3.2.4',
27 silly addNameRange     '3.2.5',
27 silly addNameRange     '3.3.0',
27 silly addNameRange     '3.3.1',
27 silly addNameRange     '3.3.2',
27 silly addNameRange     '3.3.4',
27 silly addNameRange     '3.4.0',
27 silly addNameRange     '3.5.0',
27 silly addNameRange     '3.5.1',
27 silly addNameRange     '3.5.2',
27 silly addNameRange     '3.5.5',
27 silly addNameRange     '3.5.6',
27 silly addNameRange     '3.6.0',
27 silly addNameRange     '3.6.1',
27 silly addNameRange     '3.6.2',
27 silly addNameRange     '3.7.0',
27 silly addNameRange     '3.8.0',
27 silly addNameRange     '3.8.1',
27 silly addNameRange     '3.8.2',
27 silly addNameRange     '3.8.3',
27 silly addNameRange     '3.8.4',
27 silly addNameRange     '3.8.5',
27 silly addNameRange     '3.8.6',
27 silly addNameRange     '3.8.7',
27 silly addNameRange     '3.8.8',
27 silly addNameRange     '3.8.9',
27 silly addNameRange     '3.8.10',
27 silly addNameRange     '3.8.11',
27 silly addNameRange     '3.9.0' ] ]
28 silly addNamed gulp@3.9.0
29 verbose addNamed "3.9.0" is a plain semver version for gulp
30 silly cache afterAdd gulp@3.9.0
31 verbose afterAdd /home/c0r3/.npm/gulp/3.9.0/package/package.json not in flight; writing
32 verbose afterAdd /home/c0r3/.npm/gulp/3.9.0/package/package.json written
33 silly install resolved [ { name: 'gulp',
33 silly install resolved     description: 'The streaming build system',
33 silly install resolved     version: '3.9.0',
33 silly install resolved     homepage: 'http://gulpjs.com',
33 silly install resolved     repository: { type: 'git', url: 'git+https://github.com/gulpjs/gulp.git' },
33 silly install resolved     author:
33 silly install resolved      { name: 'Fractal',
33 silly install resolved        email: 'contact@wearefractal.com',
33 silly install resolved        url: 'http://wearefractal.com/' },
33 silly install resolved     tags: [ 'build', 'stream', 'system', 'make', 'tool', 'asset', 'pipeline' ],
33 silly install resolved     files: [ 'index.js', 'lib', 'bin', 'completion' ],
33 silly install resolved     bin: { gulp: './bin/gulp.js' },
33 silly install resolved     man: [ 'gulp.1' ],
33 silly install resolved     dependencies:
33 silly install resolved      { archy: '^1.0.0',
33 silly install resolved        chalk: '^1.0.0',
33 silly install resolved        deprecated: '^0.0.1',
33 silly install resolved        'gulp-util': '^3.0.0',
33 silly install resolved        interpret: '^0.6.2',
33 silly install resolved        liftoff: '^2.1.0',
33 silly install resolved        minimist: '^1.1.0',
33 silly install resolved        orchestrator: '^0.3.0',
33 silly install resolved        'pretty-hrtime': '^1.0.0',
33 silly install resolved        semver: '^4.1.0',
33 silly install resolved        tildify: '^1.0.0',
33 silly install resolved        v8flags: '^2.0.2',
33 silly install resolved        'vinyl-fs': '^0.3.0' },
33 silly install resolved     devDependencies:
33 silly install resolved      { coveralls: '^2.7.0',
33 silly install resolved        'graceful-fs': '^3.0.0',
33 silly install resolved        istanbul: '^0.3.0',
33 silly install resolved        jscs: '~1.12.0',
33 silly install resolved        jshint: '^2.5.0',
33 silly install resolved        'jshint-stylish': '^1.0.0',
33 silly install resolved        'marked-man': '^0.1.3',
33 silly install resolved        mkdirp: '^0.5.0',
33 silly install resolved        mocha: '^2.0.1',
33 silly install resolved        'mocha-lcov-reporter': '^0.0.1',
33 silly install resolved        q: '^1.0.0',
33 silly install resolved        rimraf: '^2.2.5',
33 silly install resolved        should: '^5.0.1' },
33 silly install resolved     scripts:
33 silly install resolved      { prepublish: 'marked-man --name gulp docs/CLI.md > gulp.1',
33 silly install resolved        lint: 'jshint lib bin test index.js --reporter node_modules/jshint-stylish/stylish.js --exclude node_modules && jscs lib bin test index.js',
33 silly install resolved        test: 'npm run-script lint && mocha --reporter spec',
33 silly install resolved        coveralls: 'istanbul cover _mocha --report lcovonly -- -R spec && cat ./coverage/lcov.info | coveralls && rm -rf ./coverage' },
33 silly install resolved     engines: { node: '>= 0.9' },
33 silly install resolved     license: 'MIT',
33 silly install resolved     gitHead: '657213a52d5e9c19b85df6a42f76341a98c08ae8',
33 silly install resolved     bugs: { url: 'https://github.com/gulpjs/gulp/issues' },
33 silly install resolved     _id: 'gulp@3.9.0',
33 silly install resolved     _shasum: 'cf1fba4cb558bb8c6ae6c9613f583ae2620d214a',
33 silly install resolved     _from: 'gulp@*',
33 silly install resolved     _npmVersion: '2.8.3',
33 silly install resolved     _nodeVersion: '0.10.36',
33 silly install resolved     _npmUser: { name: 'phated', email: 'blaine@iceddev.com' },
33 silly install resolved     maintainers: [ [Object], [Object] ],
33 silly install resolved     dist:
33 silly install resolved      { shasum: 'cf1fba4cb558bb8c6ae6c9613f583ae2620d214a',
33 silly install resolved        tarball: 'http://registry.npmjs.org/gulp/-/gulp-3.9.0.tgz' },
33 silly install resolved     directories: {},
33 silly install resolved     _resolved: 'https://registry.npmjs.org/gulp/-/gulp-3.9.0.tgz',
33 silly install resolved     readme: 'ERROR: No README data found!' } ]
34 info install gulp@3.9.0 into /usr/local/lib
35 info installOne gulp@3.9.0
36 verbose installOne of gulp to /usr/local/lib not in flight; installing
37 verbose lock using /home/c0r3/.npm/_locks/gulp-709d00e5d169ceb3.lock for /usr/local/lib/node_modules/gulp
38 silly install write writing gulp 3.9.0 to /usr/local/lib/node_modules/gulp
39 verbose unbuild lib/node_modules/gulp
40 silly gentlyRm /usr/local/lib/node_modules/gulp is being purged from base /usr/local
41 verbose gentlyRm don't care about contents; nuking /usr/local/lib/node_modules/gulp
42 verbose tar unpack /home/c0r3/.npm/gulp/3.9.0/package.tgz
43 verbose tar unpacking to /usr/local/lib/node_modules/gulp
44 silly gentlyRm /usr/local/lib/node_modules/gulp is being purged
45 verbose gentlyRm don't care about contents; nuking /usr/local/lib/node_modules/gulp
46 silly gunzTarPerm modes [ '775', '664' ]
47 error tar.unpack untar error /home/c0r3/.npm/gulp/3.9.0/package.tgz
48 verbose unlock done using /home/c0r3/.npm/_locks/gulp-709d00e5d169ceb3.lock for /usr/local/lib/node_modules/gulp
49 verbose fstream_path /usr/local/lib/node_modules/gulp
50 verbose fstream_type Directory
51 verbose fstream_class DirWriter
52 verbose stack Error: EACCES, mkdir '/usr/local/lib/node_modules/gulp'
52 verbose stack     at Error (native)
53 verbose fstream_stack /usr/local/lib/node_modules/npm/node_modules/fstream/lib/dir-writer.js:35:25
53 verbose fstream_stack /usr/local/lib/node_modules/npm/node_modules/mkdirp/index.js:47:53
53 verbose fstream_stack FSReqWrap.oncomplete (fs.js:95:15)
54 verbose cwd /home/c0r3/swapstr
55 error Linux 3.13.0-55-generic
56 error argv "/usr/local/bin/node" "/usr/local/bin/npm" "install" "--global" "gulp"
57 error node v0.12.4
58 error npm  v2.10.1
59 error path /usr/local/lib/node_modules/gulp
60 error code EACCES
61 error errno -13
62 error Error: EACCES, mkdir '/usr/local/lib/node_modules/gulp'
62 error     at Error (native)
62 error  { [Error: EACCES, mkdir '/usr/local/lib/node_modules/gulp']
62 error   errno: -13,
62 error   code: 'EACCES',
62 error   path: '/usr/local/lib/node_modules/gulp',
62 error   fstream_type: 'Directory',
62 error   fstream_path: '/usr/local/lib/node_modules/gulp',
62 error   fstream_class: 'DirWriter',
62 error   fstream_stack:
62 error    [ '/usr/local/lib/node_modules/npm/node_modules/fstream/lib/dir-writer.js:35:25',
62 error      '/usr/local/lib/node_modules/npm/node_modules/mkdirp/index.js:47:53',
62 error      'FSReqWrap.oncomplete (fs.js:95:15)' ] }
63 error Please try running this command again as root/Administrator.
64 verbose exit [ -13, true ]
65 verbose unbuild lib/node_modules/gulp
66 silly gentlyRm /usr/local/lib/node_modules/gulp is being purged from base /usr/local
67 verbose gentlyRm don't care about contents; nuking /usr/local/lib/node_modules/gulp
